<?xml version="1.0" encoding="UTF-8"?>
<!-- Generated by org.testng.reporters.JUnitReportReporter -->
<testsuite hostname="Gaurav" failures="0" tests="1" name="test.LaunchTest" time="32.629" errors="1" timestamp="2025-01-26T03:27:10 IST" skipped="0">
  <testcase classname="test.LaunchTest" name="testLaunchBrowser" time="32.629">
    <error message="Error {
  message=&#039;Timeout 30000ms exceeded.
  name=&#039;TimeoutError
  stack=&#039;TimeoutError: Timeout 30000ms exceeded.
    at ProgressController.run (C:\Users\jayan\AppData\Local\Temp\playwright-java-8340125429118252539\package\lib\server\progress.js:75:26)
    at Frame.goto (C:\Users\jayan\AppData\Local\Temp\playwright-java-8340125429118252539\package\lib\server\frames.js:521:23)
    at FrameDispatcher.goto (C:\Users\jayan\AppData\Local\Temp\playwright-java-8340125429118252539\package\lib\server\dispatchers\frameDispatcher.js:82:119)
    at FrameDispatcher._handleCommand (C:\Users\jayan\AppData\Local\Temp\playwright-java-8340125429118252539\package\lib\server\dispatchers\dispatcher.js:94:40)
    at DispatcherConnection.dispatch (C:\Users\jayan\AppData\Local\Temp\playwright-java-8340125429118252539\package\lib\server\dispatchers\dispatcher.js:361:39)
}
Call log:
-   - navigating to &quot;https://www.bannerbuzz.com/&quot;, waiting until &quot;load&quot;
" type="com.microsoft.playwright.TimeoutError">
      <![CDATA[com.microsoft.playwright.TimeoutError: Error {
  message='Timeout 30000ms exceeded.
  name='TimeoutError
  stack='TimeoutError: Timeout 30000ms exceeded.
    at ProgressController.run (C:\Users\jayan\AppData\Local\Temp\playwright-java-8340125429118252539\package\lib\server\progress.js:75:26)
    at Frame.goto (C:\Users\jayan\AppData\Local\Temp\playwright-java-8340125429118252539\package\lib\server\frames.js:521:23)
    at FrameDispatcher.goto (C:\Users\jayan\AppData\Local\Temp\playwright-java-8340125429118252539\package\lib\server\dispatchers\frameDispatcher.js:82:119)
    at FrameDispatcher._handleCommand (C:\Users\jayan\AppData\Local\Temp\playwright-java-8340125429118252539\package\lib\server\dispatchers\dispatcher.js:94:40)
    at DispatcherConnection.dispatch (C:\Users\jayan\AppData\Local\Temp\playwright-java-8340125429118252539\package\lib\server\dispatchers\dispatcher.js:361:39)
}
Call log:
-   - navigating to "https://www.bannerbuzz.com/", waiting until "load"

at com.microsoft.playwright.impl.WaitableResult.get(WaitableResult.java:52)
at com.microsoft.playwright.impl.ChannelOwner.runUntil(ChannelOwner.java:132)
at com.microsoft.playwright.impl.Connection.sendMessage(Connection.java:130)
at com.microsoft.playwright.impl.ChannelOwner.sendMessage(ChannelOwner.java:118)
at com.microsoft.playwright.impl.FrameImpl.navigateImpl(FrameImpl.java:463)
at com.microsoft.playwright.impl.PageImpl.lambda$navigate$47(PageImpl.java:943)
at com.microsoft.playwright.impl.LoggingSupport.withLogging(LoggingSupport.java:47)
at com.microsoft.playwright.impl.ChannelOwner.withLogging(ChannelOwner.java:97)
at com.microsoft.playwright.impl.PageImpl.navigate(PageImpl.java:943)
at com.microsoft.playwright.impl.PageImpl.navigate(PageImpl.java:42)
at com.microsoft.playwright.Page.navigate(Page.java:5474)
at test.LaunchTest.testLaunchBrowser(LaunchTest.java:43)
at java.base/jdk.internal.reflect.DirectMethodHandleAccessor.invoke(DirectMethodHandleAccessor.java:104)
at java.base/java.lang.reflect.Method.invoke(Method.java:577)
at org.testng.internal.MethodInvocationHelper.invokeMethod(MethodInvocationHelper.java:133)
at org.testng.internal.TestInvoker.invokeMethod(TestInvoker.java:598)
at org.testng.internal.TestInvoker.invokeTestMethod(TestInvoker.java:173)
at org.testng.internal.MethodRunner.runInSequence(MethodRunner.java:46)
at org.testng.internal.TestInvoker$MethodInvocationAgent.invoke(TestInvoker.java:824)
at org.testng.internal.TestInvoker.invokeTestMethods(TestInvoker.java:146)
at org.testng.internal.TestMethodWorker.invokeTestMethods(TestMethodWorker.java:146)
at org.testng.internal.TestMethodWorker.run(TestMethodWorker.java:128)
at java.base/java.util.ArrayList.forEach(ArrayList.java:1511)
at org.testng.TestRunner.privateRun(TestRunner.java:794)
at org.testng.TestRunner.run(TestRunner.java:596)
at org.testng.SuiteRunner.runTest(SuiteRunner.java:377)
at org.testng.SuiteRunner.runSequentially(SuiteRunner.java:371)
at org.testng.SuiteRunner.privateRun(SuiteRunner.java:332)
at org.testng.SuiteRunner.run(SuiteRunner.java:276)
at org.testng.SuiteRunnerWorker.runSuite(SuiteRunnerWorker.java:53)
at org.testng.SuiteRunnerWorker.run(SuiteRunnerWorker.java:96)
at org.testng.TestNG.runSuitesSequentially(TestNG.java:1212)
at org.testng.TestNG.runSuitesLocally(TestNG.java:1134)
at org.testng.TestNG.runSuites(TestNG.java:1063)
at org.testng.TestNG.run(TestNG.java:1031)
at org.testng.remote.AbstractRemoteTestNG.run(AbstractRemoteTestNG.java:115)
at org.testng.remote.RemoteTestNG.initAndRun(RemoteTestNG.java:251)
at org.testng.remote.RemoteTestNG.main(RemoteTestNG.java:77)
Caused by: com.microsoft.playwright.TimeoutError: Error {
  message='Timeout 30000ms exceeded.
  name='TimeoutError
  stack='TimeoutError: Timeout 30000ms exceeded.
    at ProgressController.run (C:\Users\jayan\AppData\Local\Temp\playwright-java-8340125429118252539\package\lib\server\progress.js:75:26)
    at Frame.goto (C:\Users\jayan\AppData\Local\Temp\playwright-java-8340125429118252539\package\lib\server\frames.js:521:23)
    at FrameDispatcher.goto (C:\Users\jayan\AppData\Local\Temp\playwright-java-8340125429118252539\package\lib\server\dispatchers\frameDispatcher.js:82:119)
    at FrameDispatcher._handleCommand (C:\Users\jayan\AppData\Local\Temp\playwright-java-8340125429118252539\package\lib\server\dispatchers\dispatcher.js:94:40)
    at DispatcherConnection.dispatch (C:\Users\jayan\AppData\Local\Temp\playwright-java-8340125429118252539\package\lib\server\dispatchers\dispatcher.js:361:39)
}
Call log:
-   - navigating to "https://www.bannerbuzz.com/", waiting until "load"

at com.microsoft.playwright.impl.Connection.dispatch(Connection.java:254)
at com.microsoft.playwright.impl.Connection.processOneMessage(Connection.java:211)
at com.microsoft.playwright.impl.ChannelOwner.runUntil(ChannelOwner.java:130)
... 36 more
]]>
    </error>
  </testcase> <!-- testLaunchBrowser -->
  <system-out/>
</testsuite> <!-- test.LaunchTest -->
